Arguments:
  /home/henri/.nvm/versions/node/v8.9.3/bin/node /usr/share/yarn/bin/yarn.js publish --tag latest --new-version 0.5.0

PATH:
  /home/henri/Desktop/GitHub/TF2Pickup2/packages/tf2-configs/node_modules/.bin:/home/henri/Desktop/GitHub/TF2Pickup2/packages/node_modules/.bin:/home/henri/Desktop/GitHub/TF2Pickup2/node_modules/.bin:/home/henri/Desktop/GitHub/node_modules/.bin:/home/henri/Desktop/node_modules/.bin:/home/henri/node_modules/.bin:/home/node_modules/.bin:/node_modules/.bin:/home/henri/.nvm/versions/node/v8.9.3/bin:/home/henri/bin:/home/henri/.local/bin:/home/henri/.nvm/versions/node/v8.9.3/bin:/home/henri/bin:/home/henri/.local/bin:/usr/local/sbin:/usr/local/bin:/usr/sbin:/usr/bin:/sbin:/bin:/usr/games:/usr/local/games:/snap/bin:/snap/bin

Yarn version:
  1.3.2

Node version:
  8.9.3

Platform:
  linux x64

npm manifest:
  {
    "name": "@tf2-pickup/tf2configs",
    "version": "0.5.0",
    "description": "Server configs used by TF2Pickup.net",
    "scripts": {
      "compile": "babel-node build.js"
    },
    "dependencies": {
      "@tf2-pickup/config": "0.5.0"
    }
  }

yarn manifest:
  No manifest

Lockfile:
  # THIS IS AN AUTOGENERATED FILE. DO NOT EDIT THIS FILE DIRECTLY.
  # yarn lockfile v1


  "@tf2-pickup/config@0.4.0":
    version "0.4.0"
    resolved "https://registry.yarnpkg.com/@tf2-pickup/config/-/config-0.4.0.tgz#d25cc058c81aff3949610db059bb2f0f47a4324a"
    dependencies:
      "@tf2-pickup/utils" "0.4.0"
      materialize-react "0.2.0-alpha.19"

  "@tf2-pickup/utils@0.4.0":
    version "0.4.0"
    resolved "https://registry.yarnpkg.com/@tf2-pickup/utils/-/utils-0.4.0.tgz#6e9a545cfc291650a66d00d11f60d8241a13392e"

  array-uniq@1.0.2:
    version "1.0.2"
    resolved "https://registry.yarnpkg.com/array-uniq/-/array-uniq-1.0.2.tgz#5fcc373920775723cfd64d65c64bef53bf9eba6d"

  asap@~2.0.3:
    version "2.0.6"
    resolved "https://registry.yarnpkg.com/asap/-/asap-2.0.6.tgz#e50347611d7e690943208bbdafebcbc2fb866d46"

  babel-runtime@^6.26.0:
    version "6.26.0"
    resolved "https://registry.yarnpkg.com/babel-runtime/-/babel-runtime-6.26.0.tgz#965c7058668e82b55d7bfe04ff2337bc8b5647fe"
    dependencies:
      core-js "^2.4.0"
      regenerator-runtime "^0.11.0"

  brcast@3.0.1:
    version "3.0.1"
    resolved "https://registry.yarnpkg.com/brcast/-/brcast-3.0.1.tgz#6256a8349b20de9eed44257a9b24d71493cd48dd"

  classnames@2.2.5:
    version "2.2.5"
    resolved "https://registry.yarnpkg.com/classnames/-/classnames-2.2.5.tgz#fb3801d453467649ef3603c7d61a02bd129bde6d"

  core-js@^1.0.0:
    version "1.2.7"
    resolved "https://registry.yarnpkg.com/core-js/-/core-js-1.2.7.tgz#652294c14651db28fa93bd2d5ff2983a4f08c636"

  core-js@^2.4.0:
    version "2.5.3"
    resolved "https://registry.yarnpkg.com/core-js/-/core-js-2.5.3.tgz#8acc38345824f16d8365b7c9b4259168e8ed603e"

  encoding@^0.1.11:
    version "0.1.12"
    resolved "https://registry.yarnpkg.com/encoding/-/encoding-0.1.12.tgz#538b66f3ee62cd1ab51ec323829d1f9480c74beb"
    dependencies:
      iconv-lite "~0.4.13"

  fbjs@^0.8.16:
    version "0.8.16"
    resolved "https://registry.yarnpkg.com/fbjs/-/fbjs-0.8.16.tgz#5e67432f550dc41b572bf55847b8aca64e5337db"
    dependencies:
      core-js "^1.0.0"
      isomorphic-fetch "^2.1.1"
      loose-envify "^1.0.0"
      object-assign "^4.1.0"
      promise "^7.1.1"
      setimmediate "^1.0.5"
      ua-parser-js "^0.7.9"

  hoist-non-react-statics@2.3.1:
    version "2.3.1"
    resolved "https://registry.yarnpkg.com/hoist-non-react-statics/-/hoist-non-react-statics-2.3.1.tgz#343db84c6018c650778898240135a1420ee22ce0"

  iconv-lite@~0.4.13:
    version "0.4.19"
    resolved "https://registry.yarnpkg.com/iconv-lite/-/iconv-lite-0.4.19.tgz#f7468f60135f5e5dad3399c0a81be9a1603a082b"

  is-stream@^1.0.1:
    version "1.1.0"
    resolved "https://registry.yarnpkg.com/is-stream/-/is-stream-1.1.0.tgz#12d4a3dd4e68e0b79ceb8dbc84173ae80d91ca44"

  isomorphic-fetch@^2.1.1:
    version "2.2.1"
    resolved "https://registry.yarnpkg.com/isomorphic-fetch/-/isomorphic-fetch-2.2.1.tgz#611ae1acf14f5e81f729507472819fe9733558a9"
    dependencies:
      node-fetch "^1.0.1"
      whatwg-fetch ">=0.10.0"

  js-tokens@^3.0.0:
    version "3.0.2"
    resolved "https://registry.yarnpkg.com/js-tokens/-/js-tokens-3.0.2.tgz#9866df395102130e38f7f996bceb65443209c25b"

  "lodash.merge@ 4.6.0":
    version "4.6.0"
    resolved "https://registry.yarnpkg.com/lodash.merge/-/lodash.merge-4.6.0.tgz#69884ba144ac33fe699737a6086deffadd0f89c5"

  lodash.noop@3.0.1:
    version "3.0.1"
    resolved "https://registry.yarnpkg.com/lodash.noop/-/lodash.noop-3.0.1.tgz#38188f4d650a3a474258439b96ec45b32617133c"

  lodash.omit@4.5.0:
    version "4.5.0"
    resolved "https://registry.yarnpkg.com/lodash.omit/-/lodash.omit-4.5.0.tgz#6eb19ae5a1ee1dd9df0b969e66ce0b7fa30b5e60"

  lodash.pick@4.4.0:
    version "4.4.0"
    resolved "https://registry.yarnpkg.com/lodash.pick/-/lodash.pick-4.4.0.tgz#52f05610fff9ded422611441ed1fc123a03001b3"

  loose-envify@^1.0.0, loose-envify@^1.3.1:
    version "1.3.1"
    resolved "https://registry.yarnpkg.com/loose-envify/-/loose-envify-1.3.1.tgz#d1a8ad33fa9ce0e713d65fdd0ac8b748d478c848"
    dependencies:
      js-tokens "^3.0.0"

  materialize-react@0.2.0-alpha.19:
    version "0.2.0-alpha.19"
    resolved "https://registry.yarnpkg.com/materialize-react/-/materialize-react-0.2.0-alpha.19.tgz#1790e907b667353fef2ed1139fb731d08accc2cb"
    dependencies:
      brcast "3.0.1"
      classnames "2.2.5"
      hoist-non-react-statics "2.3.1"
      lodash.merge " 4.6.0"
      lodash.noop "3.0.1"
      lodash.omit "4.5.0"
      lodash.pick "4.4.0"
      polished "1.9.0"
      prop-types "15.6.0"
      randomstring "1.1.5"
      react-display-name "0.2.3"
      react-event-listener "0.5.1"
      react-get-not-declared-props "0.2.0"
      warning "3.0.0"

  node-fetch@^1.0.1:
    version "1.7.3"
    resolved "https://registry.yarnpkg.com/node-fetch/-/node-fetch-1.7.3.tgz#980f6f72d85211a5347c6b2bc18c5b84c3eb47ef"
    dependencies:
      encoding "^0.1.11"
      is-stream "^1.0.1"

  object-assign@^4.1.0, object-assign@^4.1.1:
    version "4.1.1"
    resolved "https://registry.yarnpkg.com/object-assign/-/object-assign-4.1.1.tgz#2109adc7965887cfc05cbbd442cac8bfbb360863"

  polished@1.9.0:
    version "1.9.0"
    resolved "https://registry.yarnpkg.com/polished/-/polished-1.9.0.tgz#76d277d6610dbcb85477dbba1bd1aa8e642741b6"

  promise@^7.1.1:
    version "7.3.1"
    resolved "https://registry.yarnpkg.com/promise/-/promise-7.3.1.tgz#064b72602b18f90f29192b8b1bc418ffd1ebd3bf"
    dependencies:
      asap "~2.0.3"

  prop-types@15.6.0, prop-types@^15.6.0:
    version "15.6.0"
    resolved "https://registry.yarnpkg.com/prop-types/-/prop-types-15.6.0.tgz#ceaf083022fc46b4a35f69e13ef75aed0d639856"
    dependencies:
      fbjs "^0.8.16"
      loose-envify "^1.3.1"
      object-assign "^4.1.1"

  randomstring@1.1.5:
    version "1.1.5"
    resolved "https://registry.yarnpkg.com/randomstring/-/randomstring-1.1.5.tgz#6df0628f75cbd5932930d9fe3ab4e956a18518c3"
    dependencies:
      array-uniq "1.0.2"

  react-display-name@0.2.3:
    version "0.2.3"
    resolved "https://registry.yarnpkg.com/react-display-name/-/react-display-name-0.2.3.tgz#f50204d430c9ca819bc0bade0306e9175d8d1987"

  react-event-listener@0.5.1:
    version "0.5.1"
    resolved "https://registry.yarnpkg.com/react-event-listener/-/react-event-listener-0.5.1.tgz#ba36076e47bc37c5a67ff5ccd4a9ff0f15621040"
    dependencies:
      babel-runtime "^6.26.0"
      fbjs "^0.8.16"
      prop-types "^15.6.0"
      warning "^3.0.0"

  react-get-not-declared-props@0.2.0:
    version "0.2.0"
    resolved "https://registry.yarnpkg.com/react-get-not-declared-props/-/react-get-not-declared-props-0.2.0.tgz#76834f7acedcf330eefc8d79e49165083299dc24"

  regenerator-runtime@^0.11.0:
    version "0.11.1"
    resolved "https://registry.yarnpkg.com/regenerator-runtime/-/regenerator-runtime-0.11.1.tgz#be05ad7f9bf7d22e056f9726cee5017fbf19e2e9"

  setimmediate@^1.0.5:
    version "1.0.5"
    resolved "https://registry.yarnpkg.com/setimmediate/-/setimmediate-1.0.5.tgz#290cbb232e306942d7d7ea9b83732ab7856f8285"

  ua-parser-js@^0.7.9:
    version "0.7.17"
    resolved "https://registry.yarnpkg.com/ua-parser-js/-/ua-parser-js-0.7.17.tgz#e9ec5f9498b9ec910e7ae3ac626a805c4d09ecac"

  warning@3.0.0, warning@^3.0.0:
    version "3.0.0"
    resolved "https://registry.yarnpkg.com/warning/-/warning-3.0.0.tgz#32e5377cb572de4ab04753bdf8821c01ed605b7c"
    dependencies:
      loose-envify "^1.0.0"

  whatwg-fetch@>=0.10.0:
    version "2.0.3"
    resolved "https://registry.yarnpkg.com/whatwg-fetch/-/whatwg-fetch-2.0.3.tgz#9c84ec2dcf68187ff00bc64e1274b442176e1c84"

Trace:
  Error: https://registry.yarnpkg.com/@tf2-pickup%2ftf2configs: You must sign up for private packages
      at Request.params.callback [as _callback] (/usr/share/yarn/lib/cli.js:62098:18)
      at Request.self.callback (/usr/share/yarn/lib/cli.js:123085:22)
      at emitTwo (events.js:126:13)
      at Request.emit (events.js:214:7)
      at Request.<anonymous> (/usr/share/yarn/lib/cli.js:124068:10)
      at emitOne (events.js:116:13)
      at Request.emit (events.js:211:7)
      at IncomingMessage.<anonymous> (/usr/share/yarn/lib/cli.js:123988:12)
      at Object.onceWrapper (events.js:313:30)
      at emitNone (events.js:111:20)
