Arguments: 
  /home/henri/.nvm/versions/node/v8.9.3/bin/node /usr/share/yarn/bin/yarn.js publish

PATH: 
  /home/henri/bin:/home/henri/.local/bin:/home/henri/.nvm/versions/node/v8.9.3/bin:/home/henri/bin:/home/henri/.local/bin:/usr/local/sbin:/usr/local/bin:/usr/sbin:/usr/bin:/sbin:/bin:/usr/games:/usr/local/games:/snap/bin:/snap/bin

Yarn version: 
  1.3.2

Node version: 
  8.9.3

Platform: 
  linux x64

npm manifest: 
  {
    "name": "@tf2-pickup/assets",
    "version": "0.3.3",
    "license": "MIT",
    "publishConfig": {
      "access": "public"
    }
  }

yarn manifest: 
  No manifest

Lockfile: 
  No lockfile

Trace: 
  Error: https://registry.yarnpkg.com/@tf2-pickup%2fassets: You must sign up for private packages
      at Request.params.callback [as _callback] (/usr/share/yarn/lib/cli.js:62098:18)
      at Request.self.callback (/usr/share/yarn/lib/cli.js:123085:22)
      at emitTwo (events.js:126:13)
      at Request.emit (events.js:214:7)
      at Request.<anonymous> (/usr/share/yarn/lib/cli.js:124068:10)
      at emitOne (events.js:116:13)
      at Request.emit (events.js:211:7)
      at IncomingMessage.<anonymous> (/usr/share/yarn/lib/cli.js:123988:12)
      at Object.onceWrapper (events.js:313:30)
      at emitNone (events.js:111:20)
