Arguments: 
  /home/henri/.nvm/versions/node/v8.9.3/bin/node /usr/share/yarn/bin/yarn.js install

PATH: 
  /home/henri/bin:/home/henri/.local/bin:/home/henri/.nvm/versions/node/v8.9.3/bin:/home/henri/bin:/home/henri/.local/bin:/usr/local/sbin:/usr/local/bin:/usr/sbin:/usr/bin:/sbin:/bin:/usr/games:/usr/local/games:/snap/bin:/snap/bin

Yarn version: 
  1.3.2

Node version: 
  8.9.3

Platform: 
  linux x64

npm manifest: 
  {
    "name": "@tf2-pickup/webapp",
    "version": "0.4.0",
    "main": "index.js",
    "private": true,
    "license": "MIT",
    "publishConfig": {
      "access": "public"
    },
    "scripts": {
      "start-dev": "NODE_ENV=\"development\" babel-node src/server",
      "start-prod": "NODE_ENV=\"production\" DEBUG=\"TF2Pickup*\" DEBUG_COLORS=FALSE node dist/server",
      "build": "yarn run build-server && yarn run build-client",
      "build-server": "babel src/ -d dist --ignore client/",
      "build-client": "NODE_ENV=\"production\" webpack --config webpack.config.prod.js --display errors-only",
      "prebuild": "rm -rf dist/",
      "prepublish": "yarn run build"
    },
    "dependencies": {
      "@tf2-pickup/assets": "0.4.0",
      "@tf2-pickup/config": "0.4.0",
      "@tf2-pickup/maps": "0.4.0",
      "@tf2-pickup/tf2-configs": "^2.0.0",
      "@tf2-pickup/utils": "0.4.0",
      "axios": "0.17.1",
      "body-parser": "1.18.2",
      "classnames": "2.2.5",
      "config": "1.29.2",
      "connect-gzip-static": "2.1.1",
      "connect-history-api-fallback": "1.5.0",
      "cors": "2.8.4",
      "datagram-stream": "1.1.1",
      "date-fns": "2.0.0-alpha.7",
      "debug": "3.1.0",
      "discord.js": "11.3.0",
      "emojione": "3.1.2",
      "es6-promisify": "5.0.0",
      "feathers": "2.2.4",
      "feathers-authentication": "1.3.1",
      "feathers-authentication-client": "0.3.3",
      "feathers-authentication-hooks": "0.1.6",
      "feathers-authentication-jwt": "0.3.2",
      "feathers-errors": "2.9.2",
      "feathers-hooks": "2.1.2",
      "feathers-hooks-common": "3.10.0",
      "feathers-mongoose": "6.0.0",
      "feathers-socketio": "2.0.1",
      "fs-extra": "5.0.0",
      "glob-fs": "0.1.7",
      "history": "4.7.2",
      "is_js": "0.9.0",
      "js-cookie": "2.2.0",
      "jss": "9.5.1",
      "jss-cache": "3.0.0",
      "jss-camel-case": "6.0.0",
      "jss-compose": "5.0.0",
      "jss-default-unit": "8.0.2",
      "jss-nested": "6.0.1",
      "jss-props-sort": "6.0.0",
      "jss-vendor-prefixer": "8.0.0",
      "jstz": "2.0.0",
      "lockr": "0.8.4",
      "lodash.shuffle": "4.2.0",
      "materialize-react": "0.2.0-alpha.20",
      "mdi": "2.1.19",
      "mongoose": "5.0.0",
      "ms": "2.1.1",
      "mumble": "0.3.11",
      "normalize.css": "7.0.0",
      "passport-steam": "1.0.8",
      "pick-random": "2.0.0",
      "prop-types": "15.6.0",
      "query-string": "5.0.1",
      "random-item": "1.0.0",
      "randomstring": "1.1.5",
      "react": "16.2.0",
      "react-aux": "1.1.0",
      "react-dom": "16.2.0",
      "react-helmet": "5.2.0",
      "react-jss": "8.2.1",
      "react-markdown": "3.1.4",
      "react-redux": "5.0.6",
      "react-router-dom": "4.2.2",
      "react-router-redux": "5.0.0-alpha.6",
      "react-smart-parallax": "4.0.1",
      "redux": "3.7.2",
      "sleep-promise": "2.0.0",
      "socket.io-client": "2.0.4",
      "steamcommunity": "3.34.0",
      "steamid": "1.1.0",
      "uws": "9.14.0"
    },
    "devDependencies": {
      "babel-cli": "6.26.0",
      "babel-loader": "7.1.2",
      "babel-plugin-external-helpers": "6.22.0",
      "babel-preset-react": "6.24.1",
      "babili-webpack-plugin": "0.1.2",
      "compression-webpack-plugin": "1.1.3",
      "css-loader": "0.28.9",
      "file-loader": "1.1.6",
      "html-webpack-plugin": "2.30.1",
      "redux-devtools-extension": "2.13.2",
      "style-loader": "0.19.1",
      "svg-to-png": "3.1.2",
      "sw-precache-webpack-plugin": "0.11.4",
      "url-loader": "0.6.2",
      "webpack": "3.10.0",
      "webpack-bundle-analyzer": "2.9.2",
      "webpack-dev-middleware": "2.0.4",
      "webpack-pwa-manifest": "3.4.1",
      "why-did-you-update": "0.1.0"
    }
  }

yarn manifest: 
  No manifest

Lockfile: 
  No lockfile

Trace: 
  Error: ENOENT: no such file or directory, lstat '/home/henri/Desktop/GitHub/TF2Pickup2/packages/webapp/node_modules/@tf2-pickup/config/node_modules/materialize-react/node_modules'
