Arguments: 
  /home/henri/.nvm/versions/node/v8.9.3/bin/node /usr/share/yarn/bin/yarn.js publish --tag latest --new-version 0.3.0

PATH: 
  /home/henri/Desktop/GitHub/TF2Pickup2/packages/utils/node_modules/.bin:/home/henri/Desktop/GitHub/TF2Pickup2/packages/node_modules/.bin:/home/henri/Desktop/GitHub/TF2Pickup2/node_modules/.bin:/home/henri/Desktop/GitHub/node_modules/.bin:/home/henri/Desktop/node_modules/.bin:/home/henri/node_modules/.bin:/home/node_modules/.bin:/node_modules/.bin:/home/henri/.nvm/versions/node/v8.9.3/bin:/home/henri/Desktop/GitHub/TF2Pickup2/node_modules/.bin:/home/henri/.config/yarn/link/node_modules/.bin:/home/henri/Desktop/GitHub/TF2Pickup2/node_modules/.bin:/home/henri/.config/yarn/link/node_modules/.bin:/home/henri/.yarn/bin:/home/henri/.nvm/versions/node/v8.9.3/lib/node_modules/npm/bin/node-gyp-bin:/home/henri/.nvm/versions/node/v8.9.3/bin/node_modules/npm/bin/node-gyp-bin:/home/henri/bin:/home/henri/.local/bin:/home/henri/.nvm/versions/node/v8.9.3/bin:/home/henri/bin:/home/henri/.local/bin:/usr/local/sbin:/usr/local/bin:/usr/sbin:/usr/bin:/sbin:/bin:/usr/games:/usr/local/games:/snap/bin:/snap/bin

Yarn version: 
  1.3.2

Node version: 
  8.9.3

Platform: 
  linux x64

npm manifest: 
  {
    "name": "@tf2-pickup/utils",
    "version": "0.3.0",
    "main": "dist/index.js",
    "license": "MIT",
    "publishConfig": {
      "access": "public"
    },
    "scripts": {
      "build": "babel src -d dist/",
      "prepublish": "yarn run build"
    },
    "devDependencies": {
      "babel-cli": "6.26.0"
    }
  }

yarn manifest: 
  No manifest

Lockfile: 
  No lockfile

Trace: 
  Error: Can't answer a question unless a user TTY
      at ConsoleReporter.question (/usr/share/yarn/lib/cli.js:87314:59)
      at /usr/share/yarn/lib/cli.js:34444:37
      at Generator.next (<anonymous>)
      at step (/usr/share/yarn/lib/cli.js:92:30)
      at /usr/share/yarn/lib/cli.js:103:13
      at <anonymous>
